<?xml version="1.0" encoding="utf-8"?><testsuites name="pytest tests"><testsuite name="pytest" errors="0" failures="0" skipped="0" tests="18" time="71.635" timestamp="2026-05-08T11:05:29.612072+00:00" hostname="agent-env-56e25668-301e-4151-9f10-9cd9d67d68c8"><testcase classname="backend.tests.backend_test" name="test_health" time="0.177" /><testcase classname="backend.tests.backend_test" name="test_models" time="0.054" /><testcase classname="backend.tests.backend_test" name="test_settings_get" time="0.058" /><testcase classname="backend.tests.backend_test" name="test_settings_post_roundtrip" time="0.243" /><testcase classname="backend.tests.backend_test" name="test_projects_list" time="0.170" /><testcase classname="backend.tests.backend_test" name="test_project_get" time="0.056" /><testcase classname="backend.tests.backend_test" name="test_project_get_404" time="0.061" /><testcase classname="backend.tests.backend_test" name="test_pipeline_completes_and_emits_4_agents" time="61.722" /><testcase classname="backend.tests.backend_test" name="test_messages_after_pipeline" time="0.056" /><testcase classname="backend.tests.backend_test" name="test_files_after_pipeline" time="0.058" /><testcase classname="backend.tests.backend_test" name="test_file_content_endpoint" time="0.117" /><testcase classname="backend.tests.backend_test" name="test_file_content_404" time="0.058" /><testcase classname="backend.tests.backend_test" name="test_preview_html" time="0.062" /><testcase classname="backend.tests.backend_test" name="test_finalize_mock" time="0.060" /><testcase classname="backend.tests.backend_test" name="test_iteration_message" time="6.361" /><testcase classname="backend.tests.backend_test" name="test_websocket_connects_and_heartbeats" time="0.264" /><testcase classname="backend.tests.backend_test" name="test_concurrent_calls_during_running_build" time="1.769" /><testcase classname="backend.tests.backend_test" name="test_delete_cleanup" time="0.218" /></testsuite></testsuites>