<?xml version="1.0" encoding="utf-8"?><testsuites name="pytest tests"><testsuite name="pytest" errors="12" failures="6" skipped="0" tests="18" time="120.810" timestamp="2026-05-08T10:53:44.395396+00:00" hostname="agent-env-56e25668-301e-4151-9f10-9cd9d67d68c8"><testcase classname="backend.tests.backend_test" name="test_health" time="15.145"><failure message="requests.exceptions.ReadTimeout: HTTPSConnectionPool(host='coder-sandbox.preview.emergentagent.com', port=443): Read timed out. (read timeout=15)">E   TimeoutError: The read operation timed out

The above exception was the direct cause of the following exception:
E   urllib3.exceptions.ReadTimeoutError: HTTPSConnectionPool(host='coder-sandbox.preview.emergentagent.com', port=443): Read timed out. (read timeout=15)

During handling of the above exception, another exception occurred:
E   requests.exceptions.ReadTimeout: HTTPSConnectionPool(host='coder-sandbox.preview.emergentagent.com', port=443): Read timed out. (read timeout=15)</failure></testcase><testcase classname="backend.tests.backend_test" name="test_models" time="15.083"><failure message="requests.exceptions.ReadTimeout: HTTPSConnectionPool(host='coder-sandbox.preview.emergentagent.com', port=443): Read timed out. (read timeout=15)">E   TimeoutError: The read operation timed out

The above exception was the direct cause of the following exception:
E   urllib3.exceptions.ReadTimeoutError: HTTPSConnectionPool(host='coder-sandbox.preview.emergentagent.com', port=443): Read timed out. (read timeout=15)

During handling of the above exception, another exception occurred:
E   requests.exceptions.ReadTimeout: HTTPSConnectionPool(host='coder-sandbox.preview.emergentagent.com', port=443): Read timed out. (read timeout=15)</failure></testcase><testcase classname="backend.tests.backend_test" name="test_settings_get" time="15.096"><failure message="requests.exceptions.ReadTimeout: HTTPSConnectionPool(host='coder-sandbox.preview.emergentagent.com', port=443): Read timed out. (read timeout=15)">E   TimeoutError: The read operation timed out

The above exception was the direct cause of the following exception:
E   urllib3.exceptions.ReadTimeoutError: HTTPSConnectionPool(host='coder-sandbox.preview.emergentagent.com', port=443): Read timed out. (read timeout=15)

During handling of the above exception, another exception occurred:
E   requests.exceptions.ReadTimeout: HTTPSConnectionPool(host='coder-sandbox.preview.emergentagent.com', port=443): Read timed out. (read timeout=15)</failure></testcase><testcase classname="backend.tests.backend_test" name="test_settings_post_roundtrip" time="15.080"><failure message="requests.exceptions.ReadTimeout: HTTPSConnectionPool(host='coder-sandbox.preview.emergentagent.com', port=443): Read timed out. (read timeout=15)">E   TimeoutError: The read operation timed out

The above exception was the direct cause of the following exception:
E   urllib3.exceptions.ReadTimeoutError: HTTPSConnectionPool(host='coder-sandbox.preview.emergentagent.com', port=443): Read timed out. (read timeout=15)

During handling of the above exception, another exception occurred:
E   requests.exceptions.ReadTimeout: HTTPSConnectionPool(host='coder-sandbox.preview.emergentagent.com', port=443): Read timed out. (read timeout=15)</failure></testcase><testcase classname="backend.tests.backend_test" name="test_projects_list" time="30.105"><error message="failed on setup with &quot;requests.exceptions.ReadTimeout: HTTPSConnectionPool(host='coder-sandbox.preview.emergentagent.com', port=443): Read timed out. (read timeout=30)&quot;">E   TimeoutError: The read operation timed out

The above exception was the direct cause of the following exception:
E   urllib3.exceptions.ReadTimeoutError: HTTPSConnectionPool(host='coder-sandbox.preview.emergentagent.com', port=443): Read timed out. (read timeout=30)

During handling of the above exception, another exception occurred:
E   requests.exceptions.ReadTimeout: HTTPSConnectionPool(host='coder-sandbox.preview.emergentagent.com', port=443): Read timed out. (read timeout=30)</error></testcase><testcase classname="backend.tests.backend_test" name="test_project_get" time="0.000"><error message="failed on setup with &quot;requests.exceptions.ReadTimeout: HTTPSConnectionPool(host='coder-sandbox.preview.emergentagent.com', port=443): Read timed out. (read timeout=30)&quot;">E   TimeoutError: The read operation timed out

The above exception was the direct cause of the following exception:
E   urllib3.exceptions.ReadTimeoutError: HTTPSConnectionPool(host='coder-sandbox.preview.emergentagent.com', port=443): Read timed out. (read timeout=30)

During handling of the above exception, another exception occurred:
E   requests.exceptions.ReadTimeout: HTTPSConnectionPool(host='coder-sandbox.preview.emergentagent.com', port=443): Read timed out. (read timeout=30)</error></testcase><testcase classname="backend.tests.backend_test" name="test_project_get_404" time="15.110"><failure message="requests.exceptions.ReadTimeout: HTTPSConnectionPool(host='coder-sandbox.preview.emergentagent.com', port=443): Read timed out. (read timeout=15)">E   TimeoutError: The read operation timed out

The above exception was the direct cause of the following exception:
E   urllib3.exceptions.ReadTimeoutError: HTTPSConnectionPool(host='coder-sandbox.preview.emergentagent.com', port=443): Read timed out. (read timeout=15)

During handling of the above exception, another exception occurred:
E   requests.exceptions.ReadTimeout: HTTPSConnectionPool(host='coder-sandbox.preview.emergentagent.com', port=443): Read timed out. (read timeout=15)</failure></testcase><testcase classname="backend.tests.backend_test" name="test_pipeline_completes_and_emits_4_agents" time="0.000"><error message="failed on setup with &quot;requests.exceptions.ReadTimeout: HTTPSConnectionPool(host='coder-sandbox.preview.emergentagent.com', port=443): Read timed out. (read timeout=30)&quot;">E   TimeoutError: The read operation timed out

The above exception was the direct cause of the following exception:
E   urllib3.exceptions.ReadTimeoutError: HTTPSConnectionPool(host='coder-sandbox.preview.emergentagent.com', port=443): Read timed out. (read timeout=30)

During handling of the above exception, another exception occurred:
E   requests.exceptions.ReadTimeout: HTTPSConnectionPool(host='coder-sandbox.preview.emergentagent.com', port=443): Read timed out. (read timeout=30)</error></testcase><testcase classname="backend.tests.backend_test" name="test_messages_after_pipeline" time="0.000"><error message="failed on setup with &quot;requests.exceptions.ReadTimeout: HTTPSConnectionPool(host='coder-sandbox.preview.emergentagent.com', port=443): Read timed out. (read timeout=30)&quot;">E   TimeoutError: The read operation timed out

The above exception was the direct cause of the following exception:
E   urllib3.exceptions.ReadTimeoutError: HTTPSConnectionPool(host='coder-sandbox.preview.emergentagent.com', port=443): Read timed out. (read timeout=30)

During handling of the above exception, another exception occurred:
E   requests.exceptions.ReadTimeout: HTTPSConnectionPool(host='coder-sandbox.preview.emergentagent.com', port=443): Read timed out. (read timeout=30)</error></testcase><testcase classname="backend.tests.backend_test" name="test_files_after_pipeline" time="0.000"><error message="failed on setup with &quot;requests.exceptions.ReadTimeout: HTTPSConnectionPool(host='coder-sandbox.preview.emergentagent.com', port=443): Read timed out. (read timeout=30)&quot;">E   TimeoutError: The read operation timed out

The above exception was the direct cause of the following exception:
E   urllib3.exceptions.ReadTimeoutError: HTTPSConnectionPool(host='coder-sandbox.preview.emergentagent.com', port=443): Read timed out. (read timeout=30)

During handling of the above exception, another exception occurred:
E   requests.exceptions.ReadTimeout: HTTPSConnectionPool(host='coder-sandbox.preview.emergentagent.com', port=443): Read timed out. (read timeout=30)</error></testcase><testcase classname="backend.tests.backend_test" name="test_file_content_endpoint" time="0.000"><error message="failed on setup with &quot;requests.exceptions.ReadTimeout: HTTPSConnectionPool(host='coder-sandbox.preview.emergentagent.com', port=443): Read timed out. (read timeout=30)&quot;">E   TimeoutError: The read operation timed out

The above exception was the direct cause of the following exception:
E   urllib3.exceptions.ReadTimeoutError: HTTPSConnectionPool(host='coder-sandbox.preview.emergentagent.com', port=443): Read timed out. (read timeout=30)

During handling of the above exception, another exception occurred:
E   requests.exceptions.ReadTimeout: HTTPSConnectionPool(host='coder-sandbox.preview.emergentagent.com', port=443): Read timed out. (read timeout=30)</error></testcase><testcase classname="backend.tests.backend_test" name="test_file_content_404" time="0.000"><error message="failed on setup with &quot;requests.exceptions.ReadTimeout: HTTPSConnectionPool(host='coder-sandbox.preview.emergentagent.com', port=443): Read timed out. (read timeout=30)&quot;">E   TimeoutError: The read operation timed out

The above exception was the direct cause of the following exception:
E   urllib3.exceptions.ReadTimeoutError: HTTPSConnectionPool(host='coder-sandbox.preview.emergentagent.com', port=443): Read timed out. (read timeout=30)

During handling of the above exception, another exception occurred:
E   requests.exceptions.ReadTimeout: HTTPSConnectionPool(host='coder-sandbox.preview.emergentagent.com', port=443): Read timed out. (read timeout=30)</error></testcase><testcase classname="backend.tests.backend_test" name="test_preview_html" time="0.000"><error message="failed on setup with &quot;requests.exceptions.ReadTimeout: HTTPSConnectionPool(host='coder-sandbox.preview.emergentagent.com', port=443): Read timed out. (read timeout=30)&quot;">E   TimeoutError: The read operation timed out

The above exception was the direct cause of the following exception:
E   urllib3.exceptions.ReadTimeoutError: HTTPSConnectionPool(host='coder-sandbox.preview.emergentagent.com', port=443): Read timed out. (read timeout=30)

During handling of the above exception, another exception occurred:
E   requests.exceptions.ReadTimeout: HTTPSConnectionPool(host='coder-sandbox.preview.emergentagent.com', port=443): Read timed out. (read timeout=30)</error></testcase><testcase classname="backend.tests.backend_test" name="test_finalize_mock" time="0.000"><error message="failed on setup with &quot;requests.exceptions.ReadTimeout: HTTPSConnectionPool(host='coder-sandbox.preview.emergentagent.com', port=443): Read timed out. (read timeout=30)&quot;">E   TimeoutError: The read operation timed out

The above exception was the direct cause of the following exception:
E   urllib3.exceptions.ReadTimeoutError: HTTPSConnectionPool(host='coder-sandbox.preview.emergentagent.com', port=443): Read timed out. (read timeout=30)

During handling of the above exception, another exception occurred:
E   requests.exceptions.ReadTimeout: HTTPSConnectionPool(host='coder-sandbox.preview.emergentagent.com', port=443): Read timed out. (read timeout=30)</error></testcase><testcase classname="backend.tests.backend_test" name="test_iteration_message" time="0.000"><error message="failed on setup with &quot;requests.exceptions.ReadTimeout: HTTPSConnectionPool(host='coder-sandbox.preview.emergentagent.com', port=443): Read timed out. (read timeout=30)&quot;">E   TimeoutError: The read operation timed out

The above exception was the direct cause of the following exception:
E   urllib3.exceptions.ReadTimeoutError: HTTPSConnectionPool(host='coder-sandbox.preview.emergentagent.com', port=443): Read timed out. (read timeout=30)

During handling of the above exception, another exception occurred:
E   requests.exceptions.ReadTimeout: HTTPSConnectionPool(host='coder-sandbox.preview.emergentagent.com', port=443): Read timed out. (read timeout=30)</error></testcase><testcase classname="backend.tests.backend_test" name="test_iteration_conflict_409" time="0.000"><error message="failed on setup with &quot;requests.exceptions.ReadTimeout: HTTPSConnectionPool(host='coder-sandbox.preview.emergentagent.com', port=443): Read timed out. (read timeout=30)&quot;">E   TimeoutError: The read operation timed out

The above exception was the direct cause of the following exception:
E   urllib3.exceptions.ReadTimeoutError: HTTPSConnectionPool(host='coder-sandbox.preview.emergentagent.com', port=443): Read timed out. (read timeout=30)

During handling of the above exception, another exception occurred:
E   requests.exceptions.ReadTimeout: HTTPSConnectionPool(host='coder-sandbox.preview.emergentagent.com', port=443): Read timed out. (read timeout=30)</error></testcase><testcase classname="backend.tests.backend_test" name="test_websocket_connects_and_heartbeats" time="0.000"><error message="failed on setup with &quot;requests.exceptions.ReadTimeout: HTTPSConnectionPool(host='coder-sandbox.preview.emergentagent.com', port=443): Read timed out. (read timeout=30)&quot;">E   TimeoutError: The read operation timed out

The above exception was the direct cause of the following exception:
E   urllib3.exceptions.ReadTimeoutError: HTTPSConnectionPool(host='coder-sandbox.preview.emergentagent.com', port=443): Read timed out. (read timeout=30)

During handling of the above exception, another exception occurred:
E   requests.exceptions.ReadTimeout: HTTPSConnectionPool(host='coder-sandbox.preview.emergentagent.com', port=443): Read timed out. (read timeout=30)</error></testcase><testcase classname="backend.tests.backend_test" name="test_delete_cleanup" time="15.086"><failure message="requests.exceptions.ReadTimeout: HTTPSConnectionPool(host='coder-sandbox.preview.emergentagent.com', port=443): Read timed out. (read timeout=15)">E   TimeoutError: The read operation timed out

The above exception was the direct cause of the following exception:
E   urllib3.exceptions.ReadTimeoutError: HTTPSConnectionPool(host='coder-sandbox.preview.emergentagent.com', port=443): Read timed out. (read timeout=15)

During handling of the above exception, another exception occurred:
E   requests.exceptions.ReadTimeout: HTTPSConnectionPool(host='coder-sandbox.preview.emergentagent.com', port=443): Read timed out. (read timeout=15)</failure></testcase></testsuite></testsuites>